SF:lib/entities/event_list_item_entity.dart
DA:5,0
DA:6,1
DA:7,1
DA:9,1
DA:10,1
DA:11,2
DA:12,3
DA:13,3
DA:16,4
DA:46,0
DA:72,1
DA:73,2
DA:74,2
DA:75,2
DA:76,4
DA:77,2
DA:78,1
DA:79,2
DA:80,3
DA:81,3
DA:84,2
DA:85,2
DA:86,2
DA:87,2
DA:88,2
DA:89,4
DA:90,1
DA:91,2
DA:92,3
DA:93,3
DA:96,2
DA:97,3
DA:98,2
DA:99,2
DA:100,2
DA:101,2
DA:102,3
DA:103,2
DA:104,2
DA:105,2
DA:106,2
DA:108,2
DA:135,0
DA:157,1
DA:158,2
DA:159,2
DA:160,2
DA:161,2
DA:162,2
DA:163,2
DA:164,3
DA:165,2
DA:166,2
DA:168,2
DA:169,2
DA:170,2
DA:171,2
DA:172,2
DA:173,2
DA:174,2
DA:175,2
DA:176,2
DA:177,2
DA:178,2
DA:179,2
DA:187,0
DA:189,1
DA:190,2
DA:191,2
DA:220,0
DA:244,1
DA:245,2
DA:246,2
DA:247,2
DA:248,2
DA:249,1
DA:250,3
DA:251,2
DA:252,2
DA:253,4
DA:254,1
DA:255,2
DA:256,3
DA:257,3
DA:260,2
DA:261,2
DA:262,3
DA:263,2
DA:264,2
DA:265,2
DA:266,2
DA:267,2
DA:268,2
DA:269,2
DA:270,2
DA:271,2
DA:273,2
DA:274,2
DA:282,0
DA:284,1
DA:285,2
DA:297,0
DA:300,1
DA:301,2
DA:302,2
DA:303,2
DA:304,2
DA:305,2
DA:307,2
DA:316,0
DA:318,1
DA:319,2
DA:320,2
DA:338,0
DA:351,1
DA:352,2
DA:353,2
DA:354,2
DA:355,2
DA:356,2
DA:357,2
DA:358,2
DA:360,2
DA:361,2
DA:362,2
DA:370,0
DA:372,1
DA:373,2
DA:374,2
DA:383,0
DA:385,1
DA:386,1
DA:387,2
DA:388,3
DA:389,3
DA:399,0
DA:401,1
DA:402,2
DA:413,0
DA:415,1
DA:416,2
DA:417,2
DA:418,2
DA:419,2
LF:144
LH:131
end_of_record
SF:lib/repositories/api_provider.dart
DA:8,1
DA:10,1
DA:13,3
DA:15,5
DA:16,2
DA:20,2
DA:22,1
LF:7
LH:7
end_of_record
